{"name":"getNomenclatureSearchType4","status":"broken","statusDetails":{"known":false,"muted":false,"flaky":false,"message":"could not access constructor: private java.lang.AssertionError(java.lang.String) with arguments: [1 expectation failed.\nResponse body doesn't match expectation.\nExpected: The content to match the given JSON schema.\nerror: instance value (\"\") not found in enum (possible values: [\"Серийная\",\"Новая\",\"Разовая\",\"Прочая\"])\n    level: \"error\"\n    schema: {\"loadingURI\":\"file:/C:/Users/Sasha/TEST/Auto_test/MDM/target/test-classes/getNomenclatureSearch.json#\",\"pointer\":\"/items/properties/seriality\"}\n    instance: {\"pointer\":\"/3/seriality\"}\n    domain: \"validation\"\n    keyword: \"enum\"\n    value: \"\"\n    enum: [\"Серийная\",\"Новая\",\"Разовая\",\"Прочая\"]\n\n  Actual: [[codeUC:01.01.01, ownershipSign:1, length:0, fullName:ТЕСТ, weight:0, seriality:Прочая, baseUnit:166, name:ТЕСТ, width:0, guid:c662db1f-1416-11ee-b5ab-a0dc07f9a67b, drawingDenotation:, dimensionsUnit:, height:0, weightUnit:], [codeUC:, ownershipSign:0, length:0, fullName:Запчасть теста, weight:0, seriality:Новая, baseUnit:166, name:Запчасть теста, width:0, guid:8a6b4de2-14f3-11ee-b5ab-a0dc07f9a67b, drawingDenotation:, dimensionsUnit:, height:0, weightUnit:], [codeUC:01.01.01, ownershipSign:1, length:0, fullName:Тест 2, weight:0, seriality:Новая, baseUnit:166, name:Тест 2, width:0, guid:18b3a81e-14f6-11ee-b5ab-a0dc07f9a67b, drawingDenotation:, dimensionsUnit:, height:0, weightUnit:], [codeUC:, ownershipSign:0, length:0, fullName:Запчасть номер два, weight:0, seriality:, baseUnit:166, name:Запчасть номер два, width:0, guid:515006af-14f8-11ee-b5ab-a0dc07f9a67b, drawingDenotation:, dimensionsUnit:, height:0, weightUnit:], [codeUC:01.01.02, ownershipSign:1, length:0, fullName:Тест 3, weight:0, seriality:Новая, baseUnit:166, name:Тест 3, width:0, guid:dc8a3929-14f8-11ee-b5ab-a0dc07f9a67b, drawingDenotation:, dimensionsUnit:, height:0, weightUnit:], [codeUC:, ownershipSign:0, length:0, fullName:ТЕСТ 5, weight:0, seriality:Новая, baseUnit:166, name:ТЕСТ 5, width:0, guid:daa38d2e-1504-11ee-b5ab-a0dc07f9a67b, drawingDenotation:, dimensionsUnit:, height:0, weightUnit:]]\n] reason: java.lang.IllegalAccessException: class org.codehaus.groovy.reflection.CachedConstructor cannot access a member of class java.lang.AssertionError (in module java.base) with modifiers \"private\"","trace":"groovy.lang.GroovyRuntimeException: could not access constructor: private java.lang.AssertionError(java.lang.String) with arguments: [1 expectation failed.\nResponse body doesn't match expectation.\nExpected: The content to match the given JSON schema.\nerror: instance value (\"\") not found in enum (possible values: [\"Серийная\",\"Новая\",\"Разовая\",\"Прочая\"])\n    level: \"error\"\n    schema: {\"loadingURI\":\"file:/C:/Users/Sasha/TEST/Auto_test/MDM/target/test-classes/getNomenclatureSearch.json#\",\"pointer\":\"/items/properties/seriality\"}\n    instance: {\"pointer\":\"/3/seriality\"}\n    domain: \"validation\"\n    keyword: \"enum\"\n    value: \"\"\n    enum: [\"Серийная\",\"Новая\",\"Разовая\",\"Прочая\"]\n\n  Actual: [[codeUC:01.01.01, ownershipSign:1, length:0, fullName:ТЕСТ, weight:0, seriality:Прочая, baseUnit:166, name:ТЕСТ, width:0, guid:c662db1f-1416-11ee-b5ab-a0dc07f9a67b, drawingDenotation:, dimensionsUnit:, height:0, weightUnit:], [codeUC:, ownershipSign:0, length:0, fullName:Запчасть теста, weight:0, seriality:Новая, baseUnit:166, name:Запчасть теста, width:0, guid:8a6b4de2-14f3-11ee-b5ab-a0dc07f9a67b, drawingDenotation:, dimensionsUnit:, height:0, weightUnit:], [codeUC:01.01.01, ownershipSign:1, length:0, fullName:Тест 2, weight:0, seriality:Новая, baseUnit:166, name:Тест 2, width:0, guid:18b3a81e-14f6-11ee-b5ab-a0dc07f9a67b, drawingDenotation:, dimensionsUnit:, height:0, weightUnit:], [codeUC:, ownershipSign:0, length:0, fullName:Запчасть номер два, weight:0, seriality:, baseUnit:166, name:Запчасть номер два, width:0, guid:515006af-14f8-11ee-b5ab-a0dc07f9a67b, drawingDenotation:, dimensionsUnit:, height:0, weightUnit:], [codeUC:01.01.02, ownershipSign:1, length:0, fullName:Тест 3, weight:0, seriality:Новая, baseUnit:166, name:Тест 3, width:0, guid:dc8a3929-14f8-11ee-b5ab-a0dc07f9a67b, drawingDenotation:, dimensionsUnit:, height:0, weightUnit:], [codeUC:, ownershipSign:0, length:0, fullName:ТЕСТ 5, weight:0, seriality:Новая, baseUnit:166, name:ТЕСТ 5, width:0, guid:daa38d2e-1504-11ee-b5ab-a0dc07f9a67b, drawingDenotation:, dimensionsUnit:, height:0, weightUnit:]]\n] reason: java.lang.IllegalAccessException: class org.codehaus.groovy.reflection.CachedConstructor cannot access a member of class java.lang.AssertionError (in module java.base) with modifiers \"private\"\r\n\tat org.codehaus.groovy.reflection.CachedConstructor.createExceptionText(CachedConstructor.java:103)\r\n\tat org.codehaus.groovy.reflection.CachedConstructor.invoke(CachedConstructor.java:89)\r\n\tat org.codehaus.groovy.reflection.CachedConstructor.doConstructorInvoke(CachedConstructor.java:77)\r\n\tat org.codehaus.groovy.runtime.callsite.ConstructorSite$ConstructorSiteNoUnwrap.callConstructor(ConstructorSite.java:84)\r\n\tat org.codehaus.groovy.runtime.callsite.AbstractCallSite.callConstructor(AbstractCallSite.java:247)\r\n\tat io.restassured.internal.ResponseSpecificationImpl$HamcrestAssertionClosure.validate(ResponseSpecificationImpl.groovy:483)\r\n\tat io.restassured.internal.ResponseSpecificationImpl$HamcrestAssertionClosure$validate$1.call(Unknown Source)\r\n\tat io.restassured.internal.ResponseSpecificationImpl.validateResponseIfRequired(ResponseSpecificationImpl.groovy:655)\r\n\tat jdk.internal.reflect.GeneratedMethodAccessor91.invoke(Unknown Source)\r\n\tat java.base/jdk.internal.reflect.DelegatingMethodAccessorImpl.invoke(DelegatingMethodAccessorImpl.java:43)\r\n\tat java.base/java.lang.reflect.Method.invoke(Method.java:567)\r\n\tat org.codehaus.groovy.runtime.callsite.PogoMetaMethodSite$PogoCachedMethodSiteNoUnwrapNoCoerce.invoke(PogoMetaMethodSite.java:210)\r\n\tat org.codehaus.groovy.runtime.callsite.PogoMetaMethodSite.callCurrent(PogoMetaMethodSite.java:59)\r\n\tat org.codehaus.groovy.runtime.callsite.AbstractCallSite.callCurrent(AbstractCallSite.java:166)\r\n\tat io.restassured.internal.ResponseSpecificationImpl.content(ResponseSpecificationImpl.groovy:95)\r\n\tat io.restassured.specification.ResponseSpecification$content$3.callCurrent(Unknown Source)\r\n\tat io.restassured.internal.ResponseSpecificationImpl.body(ResponseSpecificationImpl.groovy:254)\r\n\tat io.restassured.internal.ValidatableResponseOptionsImpl.body(ValidatableResponseOptionsImpl.java:268)\r\n\tat AutoTest.Nomenclature.getNomenclatureSearchType4(Nomenclature.java:226)\r\n\tat java.base/jdk.internal.reflect.NativeMethodAccessorImpl.invoke0(Native Method)\r\n\tat java.base/jdk.internal.reflect.NativeMethodAccessorImpl.invoke(NativeMethodAccessorImpl.java:78)\r\n\tat java.base/jdk.internal.reflect.DelegatingMethodAccessorImpl.invoke(DelegatingMethodAccessorImpl.java:43)\r\n\tat java.base/java.lang.reflect.Method.invoke(Method.java:567)\r\n\tat org.testng.internal.MethodInvocationHelper.invokeMethod(MethodInvocationHelper.java:124)\r\n\tat org.testng.internal.Invoker.invokeMethod(Invoker.java:583)\r\n\tat org.testng.internal.Invoker.invokeTestMethod(Invoker.java:719)\r\n\tat org.testng.internal.Invoker.invokeTestMethods(Invoker.java:989)\r\n\tat org.testng.internal.TestMethodWorker.invokeTestMethods(TestMethodWorker.java:125)\r\n\tat org.testng.internal.TestMethodWorker.run(TestMethodWorker.java:109)\r\n\tat org.testng.TestRunner.privateRun(TestRunner.java:648)\r\n\tat org.testng.TestRunner.run(TestRunner.java:505)\r\n\tat org.testng.SuiteRunner.runTest(SuiteRunner.java:455)\r\n\tat org.testng.SuiteRunner.runSequentially(SuiteRunner.java:450)\r\n\tat org.testng.SuiteRunner.privateRun(SuiteRunner.java:415)\r\n\tat org.testng.SuiteRunner.run(SuiteRunner.java:364)\r\n\tat org.testng.SuiteRunnerWorker.runSuite(SuiteRunnerWorker.java:52)\r\n\tat org.testng.SuiteRunnerWorker.run(SuiteRunnerWorker.java:84)\r\n\tat org.testng.TestNG.runSuitesSequentially(TestNG.java:1208)\r\n\tat org.testng.TestNG.runSuitesLocally(TestNG.java:1137)\r\n\tat org.testng.TestNG.runSuites(TestNG.java:1049)\r\n\tat org.testng.TestNG.run(TestNG.java:1017)\r\n\tat com.intellij.rt.testng.IDEARemoteTestNG.run(IDEARemoteTestNG.java:66)\r\n\tat com.intellij.rt.testng.RemoteTestNGStarter.main(RemoteTestNGStarter.java:109)\r\n"},"stage":"finished","description":"Поиск номенклатуры, type = 4","steps":[],"attachments":[],"parameters":[],"start":1695018379224,"stop":1695018380336,"uuid":"6260cacc-6ce1-4208-96e4-d935f037a122","historyId":"24b00b342a3c77239ff3f9962765634e","fullName":"AutoTest.Nomenclature.getNomenclatureSearchType4","labels":[{"name":"package","value":"AutoTest.Nomenclature"},{"name":"testClass","value":"AutoTest.Nomenclature"},{"name":"testMethod","value":"getNomenclatureSearchType4"},{"name":"parentSuite","value":"Default Suite"},{"name":"suite","value":"Auto_test"},{"name":"subSuite","value":"AutoTest.Nomenclature"},{"name":"host","value":"DESKTOP-EKIHJ54"},{"name":"thread","value":"8364@DESKTOP-EKIHJ54.main(1)"},{"name":"framework","value":"testng"},{"name":"language","value":"java"}],"links":[]}