{"name":"getNomenclatureSearchType4","status":"broken","statusDetails":{"known":false,"muted":false,"flaky":false,"message":"could not access constructor: private java.lang.AssertionError(java.lang.String) with arguments: [1 expectation failed.\nResponse body doesn't match expectation.\nExpected: The content to match the given JSON schema.\nerror: instance value (4) not found in enum (possible values: [1,2,3,5])\n    level: \"error\"\n    schema: {\"loadingURI\":\"file:/C:/Users/Sasha/TEST/Auto_test/MDM/target/test-classes/getNomenclatureSearch.json#\",\"pointer\":\"/items/properties/seriality\"}\n    instance: {\"pointer\":\"/0/seriality\"}\n    domain: \"validation\"\n    keyword: \"enum\"\n    value: 4\n    enum: [1,2,3,5]\nerror: object has missing required properties ([\"seriality\"])\n    level: \"error\"\n    schema: {\"loadingURI\":\"file:/C:/Users/Sasha/TEST/Auto_test/MDM/target/test-classes/getNomenclatureSearch.json#\",\"pointer\":\"/items\"}\n    instance: {\"pointer\":\"/3\"}\n    domain: \"validation\"\n    keyword: \"required\"\n    required: [\"baseUnit\",\"code\",\"dimensionsUnit\",\"drawingDenotation\",\"guid\",\"height\",\"length\",\"name\",\"nameFull\",\"ownershipSign\",\"seriality\",\"supplier\",\"unifiedClassifier\",\"weight\",\"weightUnit\",\"width\"]\n    missing: [\"seriality\"]\n\n  Actual: [[code:0000000001, ownershipSign:1, length:0, weight:0, seriality:4, baseUnit:3107dadb-fd6a-11df-ad89-001cc40d947c, unifiedClassifier:2bc378b7-1973-11ee-b5ac-005056013b0c, nameFull:ТЕСТ, supplier:00000000-0000-0000-0000-000000000000, name:ТЕСТ, width:0, guid:c662db1f-1416-11ee-b5ab-a0dc07f9a67b, drawingDenotation:, dimensionsUnit:00000000-0000-0000-0000-000000000000, height:0, weightUnit:00000000-0000-0000-0000-000000000000], [code:0000000002, ownershipSign:0, length:0, weight:0, seriality:2, baseUnit:3107dadb-fd6a-11df-ad89-001cc40d947c, unifiedClassifier:00000000-0000-0000-0000-000000000000, nameFull:Запчасть теста, supplier:00000000-0000-0000-0000-000000000000, name:Запчасть теста, width:0, guid:8a6b4de2-14f3-11ee-b5ab-a0dc07f9a67b, drawingDenotation:, dimensionsUnit:00000000-0000-0000-0000-000000000000, height:0, weightUnit:00000000-0000-0000-0000-000000000000], [code:0000000003, ownershipSign:1, length:0, weight:0, seriality:2, baseUnit:3107dadb-fd6a-11df-ad89-001cc40d947c, unifiedClassifier:2bc378b7-1973-11ee-b5ac-005056013b0c, nameFull:Тест 2, supplier:8e7275eb-3049-11ee-b5ae-005056013b0c, name:Тест 2, width:0, guid:18b3a81e-14f6-11ee-b5ab-a0dc07f9a67b, drawingDenotation:, dimensionsUnit:00000000-0000-0000-0000-000000000000, height:0, weightUnit:00000000-0000-0000-0000-000000000000], [code:0000000004, ownershipSign:0, length:0, weight:0, baseUnit:3107dadb-fd6a-11df-ad89-001cc40d947c, unifiedClassifier:00000000-0000-0000-0000-000000000000, nameFull:Запчасть номер два, supplier:00000000-0000-0000-0000-000000000000, name:Запчасть номер два, width:0, guid:515006af-14f8-11ee-b5ab-a0dc07f9a67b, drawingDenotation:, dimensionsUnit:00000000-0000-0000-0000-000000000000, height:0, weightUnit:00000000-0000-0000-0000-000000000000], [code:0000000005, ownershipSign:1, length:0, weight:0, seriality:2, baseUnit:3107dadb-fd6a-11df-ad89-001cc40d947c, unifiedClassifier:c7c36f8b-1677-11ee-b5ab-a0dc07f9a67b, nameFull:Тест 3, supplier:00000000-0000-0000-0000-000000000000, name:Тест 3, width:0, guid:dc8a3929-14f8-11ee-b5ab-a0dc07f9a67b, drawingDenotation:, dimensionsUnit:00000000-0000-0000-0000-000000000000, height:0, weightUnit:00000000-0000-0000-0000-000000000000], [code:0000000006, ownershipSign:0, length:0, weight:0, seriality:2, baseUnit:3107dadb-fd6a-11df-ad89-001cc40d947c, unifiedClassifier:00000000-0000-0000-0000-000000000000, nameFull:ТЕСТ 5, supplier:00000000-0000-0000-0000-000000000000, name:ТЕСТ 5, width:0, guid:daa38d2e-1504-11ee-b5ab-a0dc07f9a67b, drawingDenotation:, dimensionsUnit:00000000-0000-0000-0000-000000000000, height:0, weightUnit:00000000-0000-0000-0000-000000000000]]\n] reason: java.lang.IllegalAccessException: class org.codehaus.groovy.reflection.CachedConstructor cannot access a member of class java.lang.AssertionError (in module java.base) with modifiers \"private\"","trace":"groovy.lang.GroovyRuntimeException: could not access constructor: private java.lang.AssertionError(java.lang.String) with arguments: [1 expectation failed.\nResponse body doesn't match expectation.\nExpected: The content to match the given JSON schema.\nerror: instance value (4) not found in enum (possible values: [1,2,3,5])\n    level: \"error\"\n    schema: {\"loadingURI\":\"file:/C:/Users/Sasha/TEST/Auto_test/MDM/target/test-classes/getNomenclatureSearch.json#\",\"pointer\":\"/items/properties/seriality\"}\n    instance: {\"pointer\":\"/0/seriality\"}\n    domain: \"validation\"\n    keyword: \"enum\"\n    value: 4\n    enum: [1,2,3,5]\nerror: object has missing required properties ([\"seriality\"])\n    level: \"error\"\n    schema: {\"loadingURI\":\"file:/C:/Users/Sasha/TEST/Auto_test/MDM/target/test-classes/getNomenclatureSearch.json#\",\"pointer\":\"/items\"}\n    instance: {\"pointer\":\"/3\"}\n    domain: \"validation\"\n    keyword: \"required\"\n    required: [\"baseUnit\",\"code\",\"dimensionsUnit\",\"drawingDenotation\",\"guid\",\"height\",\"length\",\"name\",\"nameFull\",\"ownershipSign\",\"seriality\",\"supplier\",\"unifiedClassifier\",\"weight\",\"weightUnit\",\"width\"]\n    missing: [\"seriality\"]\n\n  Actual: [[code:0000000001, ownershipSign:1, length:0, weight:0, seriality:4, baseUnit:3107dadb-fd6a-11df-ad89-001cc40d947c, unifiedClassifier:2bc378b7-1973-11ee-b5ac-005056013b0c, nameFull:ТЕСТ, supplier:00000000-0000-0000-0000-000000000000, name:ТЕСТ, width:0, guid:c662db1f-1416-11ee-b5ab-a0dc07f9a67b, drawingDenotation:, dimensionsUnit:00000000-0000-0000-0000-000000000000, height:0, weightUnit:00000000-0000-0000-0000-000000000000], [code:0000000002, ownershipSign:0, length:0, weight:0, seriality:2, baseUnit:3107dadb-fd6a-11df-ad89-001cc40d947c, unifiedClassifier:00000000-0000-0000-0000-000000000000, nameFull:Запчасть теста, supplier:00000000-0000-0000-0000-000000000000, name:Запчасть теста, width:0, guid:8a6b4de2-14f3-11ee-b5ab-a0dc07f9a67b, drawingDenotation:, dimensionsUnit:00000000-0000-0000-0000-000000000000, height:0, weightUnit:00000000-0000-0000-0000-000000000000], [code:0000000003, ownershipSign:1, length:0, weight:0, seriality:2, baseUnit:3107dadb-fd6a-11df-ad89-001cc40d947c, unifiedClassifier:2bc378b7-1973-11ee-b5ac-005056013b0c, nameFull:Тест 2, supplier:8e7275eb-3049-11ee-b5ae-005056013b0c, name:Тест 2, width:0, guid:18b3a81e-14f6-11ee-b5ab-a0dc07f9a67b, drawingDenotation:, dimensionsUnit:00000000-0000-0000-0000-000000000000, height:0, weightUnit:00000000-0000-0000-0000-000000000000], [code:0000000004, ownershipSign:0, length:0, weight:0, baseUnit:3107dadb-fd6a-11df-ad89-001cc40d947c, unifiedClassifier:00000000-0000-0000-0000-000000000000, nameFull:Запчасть номер два, supplier:00000000-0000-0000-0000-000000000000, name:Запчасть номер два, width:0, guid:515006af-14f8-11ee-b5ab-a0dc07f9a67b, drawingDenotation:, dimensionsUnit:00000000-0000-0000-0000-000000000000, height:0, weightUnit:00000000-0000-0000-0000-000000000000], [code:0000000005, ownershipSign:1, length:0, weight:0, seriality:2, baseUnit:3107dadb-fd6a-11df-ad89-001cc40d947c, unifiedClassifier:c7c36f8b-1677-11ee-b5ab-a0dc07f9a67b, nameFull:Тест 3, supplier:00000000-0000-0000-0000-000000000000, name:Тест 3, width:0, guid:dc8a3929-14f8-11ee-b5ab-a0dc07f9a67b, drawingDenotation:, dimensionsUnit:00000000-0000-0000-0000-000000000000, height:0, weightUnit:00000000-0000-0000-0000-000000000000], [code:0000000006, ownershipSign:0, length:0, weight:0, seriality:2, baseUnit:3107dadb-fd6a-11df-ad89-001cc40d947c, unifiedClassifier:00000000-0000-0000-0000-000000000000, nameFull:ТЕСТ 5, supplier:00000000-0000-0000-0000-000000000000, name:ТЕСТ 5, width:0, guid:daa38d2e-1504-11ee-b5ab-a0dc07f9a67b, drawingDenotation:, dimensionsUnit:00000000-0000-0000-0000-000000000000, height:0, weightUnit:00000000-0000-0000-0000-000000000000]]\n] reason: java.lang.IllegalAccessException: class org.codehaus.groovy.reflection.CachedConstructor cannot access a member of class java.lang.AssertionError (in module java.base) with modifiers \"private\"\r\n\tat org.codehaus.groovy.reflection.CachedConstructor.createExceptionText(CachedConstructor.java:103)\r\n\tat org.codehaus.groovy.reflection.CachedConstructor.invoke(CachedConstructor.java:89)\r\n\tat org.codehaus.groovy.reflection.CachedConstructor.doConstructorInvoke(CachedConstructor.java:77)\r\n\tat org.codehaus.groovy.runtime.callsite.ConstructorSite$ConstructorSiteNoUnwrap.callConstructor(ConstructorSite.java:84)\r\n\tat org.codehaus.groovy.runtime.callsite.CallSiteArray.defaultCallConstructor(CallSiteArray.java:60)\r\n\tat org.codehaus.groovy.runtime.callsite.AbstractCallSite.callConstructor(AbstractCallSite.java:235)\r\n\tat org.codehaus.groovy.runtime.callsite.AbstractCallSite.callConstructor(AbstractCallSite.java:247)\r\n\tat io.restassured.internal.ResponseSpecificationImpl$HamcrestAssertionClosure.validate(ResponseSpecificationImpl.groovy:483)\r\n\tat io.restassured.internal.ResponseSpecificationImpl$HamcrestAssertionClosure$validate$1.call(Unknown Source)\r\n\tat io.restassured.internal.ResponseSpecificationImpl.validateResponseIfRequired(ResponseSpecificationImpl.groovy:655)\r\n\tat java.base/jdk.internal.reflect.NativeMethodAccessorImpl.invoke0(Native Method)\r\n\tat java.base/jdk.internal.reflect.NativeMethodAccessorImpl.invoke(NativeMethodAccessorImpl.java:78)\r\n\tat java.base/jdk.internal.reflect.DelegatingMethodAccessorImpl.invoke(DelegatingMethodAccessorImpl.java:43)\r\n\tat java.base/java.lang.reflect.Method.invoke(Method.java:567)\r\n\tat org.codehaus.groovy.runtime.callsite.PogoMetaMethodSite$PogoCachedMethodSiteNoUnwrapNoCoerce.invoke(PogoMetaMethodSite.java:210)\r\n\tat org.codehaus.groovy.runtime.callsite.PogoMetaMethodSite.callCurrent(PogoMetaMethodSite.java:59)\r\n\tat org.codehaus.groovy.runtime.callsite.CallSiteArray.defaultCallCurrent(CallSiteArray.java:52)\r\n\tat org.codehaus.groovy.runtime.callsite.AbstractCallSite.callCurrent(AbstractCallSite.java:154)\r\n\tat org.codehaus.groovy.runtime.callsite.AbstractCallSite.callCurrent(AbstractCallSite.java:166)\r\n\tat io.restassured.internal.ResponseSpecificationImpl.content(ResponseSpecificationImpl.groovy:95)\r\n\tat io.restassured.specification.ResponseSpecification$content$3.callCurrent(Unknown Source)\r\n\tat org.codehaus.groovy.runtime.callsite.CallSiteArray.defaultCallCurrent(CallSiteArray.java:52)\r\n\tat org.codehaus.groovy.runtime.callsite.AbstractCallSite.callCurrent(AbstractCallSite.java:154)\r\n\tat org.codehaus.groovy.runtime.callsite.AbstractCallSite.callCurrent(AbstractCallSite.java:174)\r\n\tat io.restassured.internal.ResponseSpecificationImpl.body(ResponseSpecificationImpl.groovy:254)\r\n\tat io.restassured.internal.ValidatableResponseOptionsImpl.body(ValidatableResponseOptionsImpl.java:268)\r\n\tat AutoTest.Nomenclature.getNomenclatureSearchType4(Nomenclature.java:227)\r\n\tat java.base/jdk.internal.reflect.NativeMethodAccessorImpl.invoke0(Native Method)\r\n\tat java.base/jdk.internal.reflect.NativeMethodAccessorImpl.invoke(NativeMethodAccessorImpl.java:78)\r\n\tat java.base/jdk.internal.reflect.DelegatingMethodAccessorImpl.invoke(DelegatingMethodAccessorImpl.java:43)\r\n\tat java.base/java.lang.reflect.Method.invoke(Method.java:567)\r\n\tat org.testng.internal.MethodInvocationHelper.invokeMethod(MethodInvocationHelper.java:124)\r\n\tat org.testng.internal.Invoker.invokeMethod(Invoker.java:583)\r\n\tat org.testng.internal.Invoker.invokeTestMethod(Invoker.java:719)\r\n\tat org.testng.internal.Invoker.invokeTestMethods(Invoker.java:989)\r\n\tat org.testng.internal.TestMethodWorker.invokeTestMethods(TestMethodWorker.java:125)\r\n\tat org.testng.internal.TestMethodWorker.run(TestMethodWorker.java:109)\r\n\tat org.testng.TestRunner.privateRun(TestRunner.java:648)\r\n\tat org.testng.TestRunner.run(TestRunner.java:505)\r\n\tat org.testng.SuiteRunner.runTest(SuiteRunner.java:455)\r\n\tat org.testng.SuiteRunner.runSequentially(SuiteRunner.java:450)\r\n\tat org.testng.SuiteRunner.privateRun(SuiteRunner.java:415)\r\n\tat org.testng.SuiteRunner.run(SuiteRunner.java:364)\r\n\tat org.testng.SuiteRunnerWorker.runSuite(SuiteRunnerWorker.java:52)\r\n\tat org.testng.SuiteRunnerWorker.run(SuiteRunnerWorker.java:84)\r\n\tat org.testng.TestNG.runSuitesSequentially(TestNG.java:1208)\r\n\tat org.testng.TestNG.runSuitesLocally(TestNG.java:1137)\r\n\tat org.testng.TestNG.runSuites(TestNG.java:1049)\r\n\tat org.testng.TestNG.run(TestNG.java:1017)\r\n\tat com.intellij.rt.testng.IDEARemoteTestNG.run(IDEARemoteTestNG.java:66)\r\n\tat com.intellij.rt.testng.RemoteTestNGStarter.main(RemoteTestNGStarter.java:109)\r\n"},"stage":"finished","description":"Поиск номенклатуры, type = 4","steps":[],"attachments":[],"parameters":[],"start":1696487670516,"stop":1696487673636,"uuid":"cbdf2b4a-6ff7-40e5-aa56-58cac19c14a3","historyId":"24b00b342a3c77239ff3f9962765634e","fullName":"AutoTest.Nomenclature.getNomenclatureSearchType4","labels":[{"name":"package","value":"AutoTest.Nomenclature"},{"name":"testClass","value":"AutoTest.Nomenclature"},{"name":"testMethod","value":"getNomenclatureSearchType4"},{"name":"parentSuite","value":"Default Suite"},{"name":"suite","value":"Auto_test"},{"name":"subSuite","value":"AutoTest.Nomenclature"},{"name":"host","value":"DESKTOP-EKIHJ54"},{"name":"thread","value":"11276@DESKTOP-EKIHJ54.main(1)"},{"name":"framework","value":"testng"},{"name":"language","value":"java"}],"links":[]}